

================================================================
== Vivado HLS Report for 'effect_compressor'
================================================================
* Date:           Sun Mar 15 02:30:40 2020

* Version:        2019.1.3 (Build 2642998 on Wed Sep 04 10:25:22 MDT 2019)
* Project:        pynq_dsp_hls
* Solution:       pynq_dsp_hls
* Product family: zynq
* Target device:  xc7z020-clg400-1


================================================================
== Performance Estimates
================================================================
+ Timing (ns): 
    * Summary: 
    +--------+-------+----------+------------+
    |  Clock | Target| Estimated| Uncertainty|
    +--------+-------+----------+------------+
    |ap_clk  |   8.00|     6.442|        1.00|
    +--------+-------+----------+------------+

+ Latency (clock cycles): 
    * Summary: 
    +-----+-----+-----+-----+---------+
    |  Latency  |  Interval | Pipeline|
    | min | max | min | max |   Type  |
    +-----+-----+-----+-----+---------+
    |   22|   22|   22|   22|   none  |
    +-----+-----+-----+-----+---------+

    + Detail: 
        * Instance: 
        N/A

        * Loop: 
        N/A



================================================================
== Utilization Estimates
================================================================
* Summary: 
+-----------------+---------+-------+--------+-------+-----+
|       Name      | BRAM_18K| DSP48E|   FF   |  LUT  | URAM|
+-----------------+---------+-------+--------+-------+-----+
|DSP              |        -|      -|       -|      -|    -|
|Expression       |        -|      -|       0|    325|    -|
|FIFO             |        -|      -|       -|      -|    -|
|Instance         |        -|     10|    1030|   1956|    -|
|Memory           |        -|      -|       -|      -|    -|
|Multiplexer      |        -|      -|       -|    278|    -|
|Register         |        -|      -|     318|      -|    -|
+-----------------+---------+-------+--------+-------+-----+
|Total            |        0|     10|    1348|   2559|    0|
+-----------------+---------+-------+--------+-------+-----+
|Available        |      280|    220|  106400|  53200|    0|
+-----------------+---------+-------+--------+-------+-----+
|Utilization (%)  |        0|      4|       1|      4|    0|
+-----------------+---------+-------+--------+-------+-----+

+ Detail: 
    * Instance: 
    +--------------------------+----------------------+---------+-------+-----+-----+-----+
    |         Instance         |        Module        | BRAM_18K| DSP48E|  FF | LUT | URAM|
    +--------------------------+----------------------+---------+-------+-----+-----+-----+
    |pynq_dsp_hls_faddfYi_U30  |pynq_dsp_hls_faddfYi  |        0|      2|  306|  418|    0|
    |pynq_dsp_hls_faddfYi_U31  |pynq_dsp_hls_faddfYi  |        0|      2|  306|  418|    0|
    |pynq_dsp_hls_fcmpeOg_U34  |pynq_dsp_hls_fcmpeOg  |        0|      0|   66|  239|    0|
    |pynq_dsp_hls_fcmpeOg_U35  |pynq_dsp_hls_fcmpeOg  |        0|      0|   66|  239|    0|
    |pynq_dsp_hls_fmulcud_U32  |pynq_dsp_hls_fmulcud  |        0|      3|  143|  321|    0|
    |pynq_dsp_hls_fmulcud_U33  |pynq_dsp_hls_fmulcud  |        0|      3|  143|  321|    0|
    +--------------------------+----------------------+---------+-------+-----+-----+-----+
    |Total                     |                      |        0|     10| 1030| 1956|    0|
    +--------------------------+----------------------+---------+-------+-----+-----+-----+

    * DSP48E: 
    N/A

    * Memory: 
    N/A

    * FIFO: 
    N/A

    * Expression: 
    +-----------------------+----------+-------+---+----+------------+------------+
    |     Variable Name     | Operation| DSP48E| FF| LUT| Bitwidth P0| Bitwidth P1|
    +-----------------------+----------+-------+---+----+------------+------------+
    |and_ln24_1_fu_313_p2   |    and   |      0|  0|   2|           1|           1|
    |and_ln24_fu_309_p2     |    and   |      0|  0|   2|           1|           1|
    |and_ln28_1_fu_383_p2   |    and   |      0|  0|   2|           1|           1|
    |and_ln28_fu_360_p2     |    and   |      0|  0|   2|           1|           1|
    |and_ln31_1_fu_323_p2   |    and   |      0|  0|   2|           1|           1|
    |and_ln31_fu_319_p2     |    and   |      0|  0|   2|           1|           1|
    |and_ln35_1_fu_426_p2   |    and   |      0|  0|   2|           1|           1|
    |and_ln35_fu_403_p2     |    and   |      0|  0|   2|           1|           1|
    |icmp_ln24_1_fu_269_p2  |   icmp   |      0|  0|  18|          23|           1|
    |icmp_ln24_2_fu_172_p2  |   icmp   |      0|  0|  11|           8|           2|
    |icmp_ln24_3_fu_178_p2  |   icmp   |      0|  0|  18|          23|           1|
    |icmp_ln24_fu_263_p2    |   icmp   |      0|  0|  11|           8|           2|
    |icmp_ln31_1_fu_297_p2  |   icmp   |      0|  0|  18|          23|           1|
    |icmp_ln31_fu_291_p2    |   icmp   |      0|  0|  11|           8|           2|
    |or_ln17_fu_139_p2      |    or    |      0|  0|   9|           9|           1|
    |or_ln18_fu_329_p2      |    or    |      0|  0|   9|           9|           2|
    |or_ln24_1_fu_184_p2    |    or    |      0|  0|   2|           1|           1|
    |or_ln24_fu_275_p2      |    or    |      0|  0|   2|           1|           1|
    |or_ln31_fu_303_p2      |    or    |      0|  0|   2|           1|           1|
    |dst_l_fu_397_p3        |  select  |      0|  0|  32|           1|          32|
    |dst_r_fu_440_p3        |  select  |      0|  0|  32|           1|          32|
    |select_ln28_fu_389_p3  |  select  |      0|  0|  32|           1|          32|
    |select_ln35_fu_432_p3  |  select  |      0|  0|  32|           1|          32|
    |xor_ln24_fu_378_p2     |    xor   |      0|  0|   2|           2|           1|
    |xor_ln28_fu_368_p2     |    xor   |      0|  0|  33|          32|          33|
    |xor_ln31_fu_421_p2     |    xor   |      0|  0|   2|           2|           1|
    |xor_ln35_fu_411_p2     |    xor   |      0|  0|  33|          32|          33|
    +-----------------------+----------+-------+---+----+------------+------------+
    |Total                  |          |      0|  0| 325|         194|         219|
    +-----------------------+----------+-------+---+----+------------+------------+

    * Multiplexer: 
    +-------------------+-----+-----------+-----+-----------+
    |        Name       | LUT | Input Size| Bits| Total Bits|
    +-------------------+-----+-----------+-----+-----------+
    |ap_NS_fsm          |  113|         24|    1|         24|
    |config_r_address0  |   15|          3|    8|         24|
    |grp_fu_111_p0      |   15|          3|   32|         96|
    |grp_fu_111_p1      |   15|          3|   32|         96|
    |grp_fu_115_p0      |   15|          3|   32|         96|
    |grp_fu_115_p1      |   15|          3|   32|         96|
    |grp_fu_95_opcode   |   15|          3|    2|          6|
    |grp_fu_95_p0       |   15|          3|   32|         96|
    |grp_fu_95_p1       |   15|          3|   32|         96|
    |grp_fu_99_opcode   |   15|          3|    2|          6|
    |grp_fu_99_p0       |   15|          3|   32|         96|
    |grp_fu_99_p1       |   15|          3|   32|         96|
    +-------------------+-----+-----------+-----+-----------+
    |Total              |  278|         57|  269|        828|
    +-------------------+-----+-----------+-----+-----------+

    * Register: 
    +-----------------------+----+----+-----+-----------+
    |          Name         | FF | LUT| Bits| Const Bits|
    +-----------------------+----+----+-----+-----------+
    |absL_reg_501           |  31|   0|   32|          1|
    |absR_reg_507           |  31|   0|   32|          1|
    |and_ln24_1_reg_525     |   1|   0|    1|          0|
    |and_ln31_1_reg_531     |   1|   0|    1|          0|
    |ap_CS_fsm              |  23|   0|   23|          0|
    |or_ln24_1_reg_473      |   1|   0|    1|          0|
    |or_ln24_reg_513        |   1|   0|    1|          0|
    |or_ln31_reg_519        |   1|   0|    1|          0|
    |reg_121                |  32|   0|   32|          0|
    |reg_126                |  32|   0|   32|          0|
    |thresh_reg_491         |  31|   0|   32|          1|
    |tmp_22_reg_553         |  32|   0|   32|          0|
    |tmp_26_reg_558         |  32|   0|   32|          0|
    |tmp_34_reg_563         |   1|   0|    1|          0|
    |tmp_39_reg_568         |   1|   0|    1|          0|
    |tmp_43_reg_458         |   5|   0|    9|          4|
    |trunc_ln368_4_reg_542  |  31|   0|   31|          0|
    |trunc_ln368_reg_468    |  31|   0|   31|          0|
    +-----------------------+----+----+-----+-----------+
    |Total                  | 318|   0|  325|          7|
    +-----------------------+----+----+-----+-----------+



================================================================
== Interface
================================================================
* Summary: 
+-------------------+-----+-----+------------+-------------------+--------------+
|     RTL Ports     | Dir | Bits|  Protocol  |   Source Object   |    C Type    |
+-------------------+-----+-----+------------+-------------------+--------------+
|ap_clk             |  in |    1| ap_ctrl_hs | effect_compressor | return value |
|ap_rst             |  in |    1| ap_ctrl_hs | effect_compressor | return value |
|ap_start           |  in |    1| ap_ctrl_hs | effect_compressor | return value |
|ap_done            | out |    1| ap_ctrl_hs | effect_compressor | return value |
|ap_idle            | out |    1| ap_ctrl_hs | effect_compressor | return value |
|ap_ready           | out |    1| ap_ctrl_hs | effect_compressor | return value |
|ap_return_0        | out |   32| ap_ctrl_hs | effect_compressor | return value |
|ap_return_1        | out |   32| ap_ctrl_hs | effect_compressor | return value |
|inData_l           |  in |   32|   ap_none  |      inData_l     |    scalar    |
|inData_r           |  in |   32|   ap_none  |      inData_r     |    scalar    |
|config_r_address0  | out |    8|  ap_memory |      config_r     |     array    |
|config_r_ce0       | out |    1|  ap_memory |      config_r     |     array    |
|config_r_q0        |  in |   32|  ap_memory |      config_r     |     array    |
|config_offset      |  in |    5|   ap_none  |   config_offset   |    scalar    |
+-------------------+-----+-----+------------+-------------------+--------------+

