

================================================================
== Vivado HLS Report for 'effect_distortion'
================================================================
* Date:           Sun Mar 15 02:30:40 2020

* Version:        2019.1.3 (Build 2642998 on Wed Sep 04 10:25:22 MDT 2019)
* Project:        pynq_dsp_hls
* Solution:       pynq_dsp_hls
* Product family: zynq
* Target device:  xc7z020-clg400-1


================================================================
== Performance Estimates
================================================================
+ Timing (ns): 
    * Summary: 
    +--------+-------+----------+------------+
    |  Clock | Target| Estimated| Uncertainty|
    +--------+-------+----------+------------+
    |ap_clk  |   8.00|     6.409|        1.00|
    +--------+-------+----------+------------+

+ Latency (clock cycles): 
    * Summary: 
    +-----+-----+-----+-----+---------+
    |  Latency  |  Interval | Pipeline|
    | min | max | min | max |   Type  |
    +-----+-----+-----+-----+---------+
    |    4|    4|    4|    4|   none  |
    +-----+-----+-----+-----+---------+

    + Detail: 
        * Instance: 
        N/A

        * Loop: 
        N/A



================================================================
== Utilization Estimates
================================================================
* Summary: 
+-----------------+---------+-------+--------+-------+-----+
|       Name      | BRAM_18K| DSP48E|   FF   |  LUT  | URAM|
+-----------------+---------+-------+--------+-------+-----+
|DSP              |        -|      -|       -|      -|    -|
|Expression       |        -|      -|       0|    308|    -|
|FIFO             |        -|      -|       -|      -|    -|
|Instance         |        -|      0|     264|    956|    -|
|Memory           |        -|      -|       -|      -|    -|
|Multiplexer      |        -|      -|       -|     33|    -|
|Register         |        -|      -|     196|      -|    -|
+-----------------+---------+-------+--------+-------+-----+
|Total            |        0|      0|     460|   1297|    0|
+-----------------+---------+-------+--------+-------+-----+
|Available        |      280|    220|  106400|  53200|    0|
+-----------------+---------+-------+--------+-------+-----+
|Utilization (%)  |        0|      0|   ~0   |      2|    0|
+-----------------+---------+-------+--------+-------+-----+

+ Detail: 
    * Instance: 
    +--------------------------+----------------------+---------+-------+----+-----+-----+
    |         Instance         |        Module        | BRAM_18K| DSP48E| FF | LUT | URAM|
    +--------------------------+----------------------+---------+-------+----+-----+-----+
    |pynq_dsp_hls_fcmpeOg_U41  |pynq_dsp_hls_fcmpeOg  |        0|      0|  66|  239|    0|
    |pynq_dsp_hls_fcmpeOg_U42  |pynq_dsp_hls_fcmpeOg  |        0|      0|  66|  239|    0|
    |pynq_dsp_hls_fcmpeOg_U43  |pynq_dsp_hls_fcmpeOg  |        0|      0|  66|  239|    0|
    |pynq_dsp_hls_fcmpeOg_U44  |pynq_dsp_hls_fcmpeOg  |        0|      0|  66|  239|    0|
    +--------------------------+----------------------+---------+-------+----+-----+-----+
    |Total                     |                      |        0|      0| 264|  956|    0|
    +--------------------------+----------------------+---------+-------+----+-----+-----+

    * DSP48E: 
    N/A

    * Memory: 
    N/A

    * FIFO: 
    N/A

    * Expression: 
    +------------------------+----------+-------+---+----+------------+------------+
    |      Variable Name     | Operation| DSP48E| FF| LUT| Bitwidth P0| Bitwidth P1|
    +------------------------+----------+-------+---+----+------------+------------+
    |and_ln11_fu_313_p2      |    and   |      0|  0|   2|           1|           1|
    |and_ln12_fu_337_p2      |    and   |      0|  0|   2|           1|           1|
    |and_ln257_1_fu_285_p2   |    and   |      0|  0|   2|           1|           1|
    |and_ln257_2_fu_297_p2   |    and   |      0|  0|   2|           1|           1|
    |and_ln257_3_fu_301_p2   |    and   |      0|  0|   2|           1|           1|
    |and_ln257_fu_281_p2     |    and   |      0|  0|   2|           1|           1|
    |icmp_ln257_1_fu_241_p2  |   icmp   |      0|  0|  18|          23|           1|
    |icmp_ln257_2_fu_144_p2  |   icmp   |      0|  0|  11|           8|           2|
    |icmp_ln257_3_fu_150_p2  |   icmp   |      0|  0|  18|          23|           1|
    |icmp_ln257_4_fu_263_p2  |   icmp   |      0|  0|  11|           8|           2|
    |icmp_ln257_5_fu_269_p2  |   icmp   |      0|  0|  18|          23|           1|
    |icmp_ln257_fu_235_p2    |   icmp   |      0|  0|  11|           8|           2|
    |or_ln257_1_fu_156_p2    |    or    |      0|  0|   2|           1|           1|
    |or_ln257_2_fu_275_p2    |    or    |      0|  0|   2|           1|           1|
    |or_ln257_fu_247_p2      |    or    |      0|  0|   2|           1|           1|
    |or_ln4_fu_111_p2        |    or    |      0|  0|   9|           9|           1|
    |dst_l_fu_330_p3         |  select  |      0|  0|  32|           1|          32|
    |dst_r_fu_354_p3         |  select  |      0|  0|  32|           1|          32|
    |monitorDstL_fu_291_p3   |  select  |      0|  0|  32|           1|          32|
    |monitorDstR_fu_307_p3   |  select  |      0|  0|  32|           1|          32|
    |xor_ln11_fu_320_p2      |    xor   |      0|  0|  33|          32|          33|
    |xor_ln12_fu_344_p2      |    xor   |      0|  0|  33|          32|          33|
    +------------------------+----------+-------+---+----+------------+------------+
    |Total                   |          |      0|  0| 308|         179|         213|
    +------------------------+----------+-------+---+----+------------+------------+

    * Multiplexer: 
    +-----------+----+-----------+-----+-----------+
    |    Name   | LUT| Input Size| Bits| Total Bits|
    +-----------+----+-----------+-----+-----------+
    |ap_NS_fsm  |  33|          6|    1|          6|
    +-----------+----+-----------+-----+-----------+
    |Total      |  33|          6|    1|          6|
    +-----------+----+-----------+-----+-----------+

    * Register: 
    +---------------------+----+----+-----+-----------+
    |         Name        | FF | LUT| Bits| Const Bits|
    +---------------------+----+----+-----+-----------+
    |absL_reg_407         |  31|   0|   32|          1|
    |absR_reg_413         |  31|   0|   32|          1|
    |ap_CS_fsm            |   5|   0|    5|          0|
    |monitorDstL_reg_431  |  31|   0|   32|          1|
    |monitorDstR_reg_437  |  31|   0|   32|          1|
    |or_ln257_1_reg_383   |   1|   0|    1|          0|
    |or_ln257_2_reg_425   |   1|   0|    1|          0|
    |or_ln257_reg_419     |   1|   0|    1|          0|
    |thresh_reg_399       |  31|   0|   32|          1|
    |tmp_14_reg_443       |   1|   0|    1|          0|
    |tmp_16_reg_448       |   1|   0|    1|          0|
    |trunc_ln368_reg_378  |  31|   0|   31|          0|
    +---------------------+----+----+-----+-----------+
    |Total                | 196|   0|  201|          5|
    +---------------------+----+----+-----+-----------+



================================================================
== Interface
================================================================
* Summary: 
+-------------------+-----+-----+------------+-------------------+--------------+
|     RTL Ports     | Dir | Bits|  Protocol  |   Source Object   |    C Type    |
+-------------------+-----+-----+------------+-------------------+--------------+
|ap_clk             |  in |    1| ap_ctrl_hs | effect_distortion | return value |
|ap_rst             |  in |    1| ap_ctrl_hs | effect_distortion | return value |
|ap_start           |  in |    1| ap_ctrl_hs | effect_distortion | return value |
|ap_done            | out |    1| ap_ctrl_hs | effect_distortion | return value |
|ap_idle            | out |    1| ap_ctrl_hs | effect_distortion | return value |
|ap_ready           | out |    1| ap_ctrl_hs | effect_distortion | return value |
|ap_return_0        | out |   32| ap_ctrl_hs | effect_distortion | return value |
|ap_return_1        | out |   32| ap_ctrl_hs | effect_distortion | return value |
|inData_l           |  in |   32|   ap_none  |      inData_l     |    scalar    |
|inData_r           |  in |   32|   ap_none  |      inData_r     |    scalar    |
|config_r_address0  | out |    8|  ap_memory |      config_r     |     array    |
|config_r_ce0       | out |    1|  ap_memory |      config_r     |     array    |
|config_r_q0        |  in |   32|  ap_memory |      config_r     |     array    |
|config_offset      |  in |    5|   ap_none  |   config_offset   |    scalar    |
+-------------------+-----+-----+------------+-------------------+--------------+

