

================================================================
== Vivado HLS Report for 'effect_delay'
================================================================
* Date:           Mon Feb 10 01:21:31 2020

* Version:        2019.1.3 (Build 2642998 on Wed Sep 04 10:25:22 MDT 2019)
* Project:        pynq_dsp_hls
* Solution:       pynq_dsp_hls
* Product family: zynq
* Target device:  xc7z020-clg400-1


================================================================
== Performance Estimates
================================================================
+ Timing (ns): 
    * Summary: 
    +--------+-------+----------+------------+
    |  Clock | Target| Estimated| Uncertainty|
    +--------+-------+----------+------------+
    |ap_clk  |   8.00|     7.000|        1.00|
    +--------+-------+----------+------------+

+ Latency (clock cycles): 
    * Summary: 
    +-----+-----+-----+-----+---------+
    |  Latency  |  Interval | Pipeline|
    | min | max | min | max |   Type  |
    +-----+-----+-----+-----+---------+
    |    5|   35|    5|   35|   none  |
    +-----+-----+-----+-----+---------+

    + Detail: 
        * Instance: 
        N/A

        * Loop: 
        N/A



================================================================
== Utilization Estimates
================================================================
* Summary: 
+-----------------+---------+-------+--------+-------+-----+
|       Name      | BRAM_18K| DSP48E|   FF   |  LUT  | URAM|
+-----------------+---------+-------+--------+-------+-----+
|DSP              |        -|      -|       -|      -|    -|
|Expression       |        -|      -|       0|   1059|    -|
|FIFO             |        -|      -|       -|      -|    -|
|Instance         |        -|      7|    1095|   1711|    -|
|Memory           |        -|      -|       -|      -|    -|
|Multiplexer      |        -|      -|       -|    425|    -|
|Register         |        -|      -|    1044|      -|    -|
+-----------------+---------+-------+--------+-------+-----+
|Total            |        0|      7|    2139|   3195|    0|
+-----------------+---------+-------+--------+-------+-----+
|Available        |      280|    220|  106400|  53200|    0|
+-----------------+---------+-------+--------+-------+-----+
|Utilization (%)  |        0|      3|       2|      6|    0|
+-----------------+---------+-------+--------+-------+-----+

+ Detail: 
    * Instance: 
    +-------------------------+----------------------+---------+-------+-----+-----+-----+
    |         Instance        |        Module        | BRAM_18K| DSP48E|  FF | LUT | URAM|
    +-------------------------+----------------------+---------+-------+-----+-----+-----+
    |pynq_dsp_hls_faddbkb_U1  |pynq_dsp_hls_faddbkb  |        0|      2|  306|  418|    0|
    |pynq_dsp_hls_faddbkb_U2  |pynq_dsp_hls_faddbkb  |        0|      2|  306|  418|    0|
    |pynq_dsp_hls_fmulcud_U3  |pynq_dsp_hls_fmulcud  |        0|      3|  143|  321|    0|
    |pynq_dsp_hls_uitodEe_U4  |pynq_dsp_hls_uitodEe  |        0|      0|  340|  554|    0|
    +-------------------------+----------------------+---------+-------+-----+-----+-----+
    |Total                    |                      |        0|      7| 1095| 1711|    0|
    +-------------------------+----------------------+---------+-------+-----+-----+-----+

    * DSP48E: 
    N/A

    * Memory: 
    N/A

    * FIFO: 
    N/A

    * Expression: 
    +-------------------------+----------+-------+---+-----+------------+------------+
    |      Variable Name      | Operation| DSP48E| FF| LUT | Bitwidth P0| Bitwidth P1|
    +-------------------------+----------+-------+---+-----+------------+------------+
    |add_ln103_fu_720_p2      |     +    |      0|  0|   41|          34|          34|
    |add_ln104_fu_735_p2      |     +    |      0|  0|   41|          34|          34|
    |add_ln107_fu_755_p2      |     +    |      0|  0|   39|          32|           1|
    |add_ln339_fu_575_p2      |     +    |      0|  0|   15|           8|           9|
    |add_ln90_fu_476_p2       |     +    |      0|  0|   41|          34|          34|
    |add_ln91_1_fu_529_p2     |     +    |      0|  0|   41|          34|          34|
    |add_ln91_fu_519_p2       |     +    |      0|  0|   40|           1|          33|
    |add_ln92_fu_501_p2       |     +    |      0|  0|   39|           1|          32|
    |add_ln97_fu_679_p2       |     +    |      0|  0|   32|          32|          32|
    |ret_V_fu_452_p2          |     +    |      0|  0|   39|           3|          32|
    |sub_ln1311_fu_589_p2     |     -    |      0|  0|   15|           7|           8|
    |sub_ln97_1_fu_675_p2     |     -    |      0|  0|   32|          32|          32|
    |sub_ln97_fu_685_p2       |     -    |      0|  0|   39|          32|          32|
    |grp_fu_301_p2            |   icmp   |      0|  0|   18|          32|          32|
    |icmp_ln879_fu_447_p2     |   icmp   |      0|  0|   18|          31|           1|
    |icmp_ln887_1_fu_750_p2   |   icmp   |      0|  0|   21|          33|          33|
    |icmp_ln887_fu_495_p2     |   icmp   |      0|  0|   21|          33|          33|
    |icmp_ln97_fu_670_p2      |   icmp   |      0|  0|   18|          32|          32|
    |icmp_ln98_fu_698_p2      |   icmp   |      0|  0|   18|          32|          32|
    |r_V_fu_629_p2            |   lshr   |      0|  0|   73|          25|          25|
    |ap_block_state13_io      |    or    |      0|  0|    2|           1|           1|
    |or_ln71_fu_318_p2        |    or    |      0|  0|    6|           6|           1|
    |or_ln72_fu_333_p2        |    or    |      0|  0|    6|           6|           2|
    |or_ln73_fu_347_p2        |    or    |      0|  0|    6|           6|           2|
    |or_ln74_fu_371_p2        |    or    |      0|  0|    6|           6|           3|
    |or_ln75_fu_389_p2        |    or    |      0|  0|    6|           6|           3|
    |or_ln76_fu_403_p2        |    or    |      0|  0|    6|           6|           3|
    |currentPeriod_fu_690_p3  |  select  |      0|  0|   32|           1|          32|
    |select_ln107_fu_761_p3   |  select  |      0|  0|   32|           1|          32|
    |select_ln92_fu_507_p3    |  select  |      0|  0|   32|           1|          32|
    |ush_fu_598_p3            |  select  |      0|  0|    9|           1|           9|
    |val_V_fu_663_p3          |  select  |      0|  0|   32|           1|          32|
    |r_V_1_fu_635_p2          |    shl   |      0|  0|  243|          79|          79|
    +-------------------------+----------+-------+---+-----+------------+------------+
    |Total                    |          |      0|  0| 1059|         623|         766|
    +-------------------------+----------+-------+---+-----+------------+------------+

    * Multiplexer: 
    +-----------------------------------------------+-----+-----------+-----+-----------+
    |                      Name                     | LUT | Input Size| Bits| Total Bits|
    +-----------------------------------------------+-----+-----------+-----+-----------+
    |agg_result_l_write_a_reg_264                   |    9|          2|   32|         64|
    |agg_result_r_write_a_reg_275                   |    9|          2|   32|         64|
    |ap_NS_fsm                                      |  165|         37|    1|         37|
    |ap_phi_mux_agg_result_l_write_a_phi_fu_267_p6  |    9|          2|   32|         64|
    |ap_phi_mux_agg_result_r_write_a_phi_fu_278_p6  |    9|          2|   32|         64|
    |ap_return_0                                    |    9|          2|   32|         64|
    |ap_return_1                                    |    9|          2|   32|         64|
    |config_r_address0                              |   41|          8|    5|         40|
    |config_r_d0                                    |   21|          4|   32|        128|
    |extMemPtr_V_blk_n_AR                           |    9|          2|    1|          2|
    |extMemPtr_V_blk_n_AW                           |    9|          2|    1|          2|
    |extMemPtr_V_blk_n_B                            |    9|          2|    1|          2|
    |extMemPtr_V_blk_n_R                            |    9|          2|    1|          2|
    |extMemPtr_V_blk_n_W                            |    9|          2|    1|          2|
    |grp_fu_294_p0                                  |   15|          3|   32|         96|
    |grp_fu_294_p1                                  |   21|          4|   32|        128|
    |i_op_assign_2_reg_241                          |    9|          2|   32|         64|
    |i_op_assign_3_reg_252                          |    9|          2|   32|         64|
    |m_axi_extMemPtr_V_ARADDR                       |   15|          3|   32|         96|
    |m_axi_extMemPtr_V_AWADDR                       |   15|          3|   32|         96|
    |m_axi_extMemPtr_V_WDATA                        |   15|          3|   32|         96|
    +-----------------------------------------------+-----+-----------+-----+-----------+
    |Total                                          |  425|         91|  459|       1239|
    +-----------------------------------------------+-----+-----------+-----+-----------+

    * Register: 
    +------------------------------+----+----+-----+-----------+
    |             Name             | FF | LUT| Bits| Const Bits|
    +------------------------------+----+----+-----+-----------+
    |agg_result_l_write_a_reg_264  |  32|   0|   32|          0|
    |agg_result_r_write_a_reg_275  |  32|   0|   32|          0|
    |ap_CS_fsm                     |  36|   0|   36|          0|
    |ap_return_0_preg              |  32|   0|   32|          0|
    |ap_return_1_preg              |  32|   0|   32|          0|
    |auxRawL_V_reg_992             |  32|   0|   32|          0|
    |auxRawR_V_reg_997             |  32|   0|   32|          0|
    |dst_l_reg_1012                |  32|   0|   32|          0|
    |dst_r_reg_1017                |  32|   0|   32|          0|
    |extMemPtr_V_addr_1_reg_943    |  32|   0|   32|          0|
    |extMemPtr_V_addr_2_reg_980    |  32|   0|   32|          0|
    |extMemPtr_V_addr_3_reg_986    |  32|   0|   32|          0|
    |extMemPtr_V_addr_reg_920      |  32|   0|   32|          0|
    |i_op_assign_2_reg_241         |  32|   0|   32|          0|
    |i_op_assign_3_reg_252         |  32|   0|   32|          0|
    |icmp_ln879_reg_884            |   1|   0|    1|          0|
    |icmp_ln891_reg_893            |   1|   0|    1|          0|
    |icmp_ln98_reg_976             |   1|   0|    1|          0|
    |isNeg_reg_965                 |   1|   0|    1|          0|
    |maxIndex_V_reg_878            |  31|   0|   32|          1|
    |memAddr_reg_809               |  32|   0|   32|          0|
    |memSize_reg_820               |  32|   0|   32|          0|
    |periodRatio_reg_873           |  31|   0|   32|          1|
    |rdIndex_reg_863               |   2|   0|    5|          3|
    |reg_306                       |  32|   0|   32|          0|
    |ret_V_reg_905                 |  32|   0|   32|          0|
    |select_ln92_reg_931           |  32|   0|   32|          0|
    |sext_ln1354_reg_926           |  33|   0|   33|          0|
    |tmp_16_reg_790                |   3|   0|    6|          3|
    |tmp_V_1_reg_960               |  23|   0|   23|          0|
    |tmp_V_reg_954                 |   8|   0|    8|          0|
    |tmp_reg_949                   |  32|   0|   32|          0|
    |trunc_ln368_reg_837           |  31|   0|   31|          0|
    |ush_reg_970                   |   9|   0|    9|          0|
    |val_assign_9_reg_826          |  31|   0|   31|          0|
    |volRatio_reg_868              |  31|   0|   32|          1|
    |wrIndex_load_reg_888          |  32|   0|   32|          0|
    |wrIndex_reg_858               |   2|   0|    5|          3|
    |zext_ln90_1_reg_910           |  32|   0|   34|          2|
    |zext_ln90_3_reg_915           |  32|   0|   34|          2|
    |zext_ln91_reg_938             |  33|   0|   34|          1|
    +------------------------------+----+----+-----+-----------+
    |Total                         |1044|   0| 1061|         17|
    +------------------------------+----+----+-----+-----------+



================================================================
== Interface
================================================================
* Summary: 
+----------------------------+-----+-----+------------+---------------+--------------+
|          RTL Ports         | Dir | Bits|  Protocol  | Source Object |    C Type    |
+----------------------------+-----+-----+------------+---------------+--------------+
|ap_clk                      |  in |    1| ap_ctrl_hs |  effect_delay | return value |
|ap_rst                      |  in |    1| ap_ctrl_hs |  effect_delay | return value |
|ap_start                    |  in |    1| ap_ctrl_hs |  effect_delay | return value |
|ap_done                     | out |    1| ap_ctrl_hs |  effect_delay | return value |
|ap_idle                     | out |    1| ap_ctrl_hs |  effect_delay | return value |
|ap_ready                    | out |    1| ap_ctrl_hs |  effect_delay | return value |
|ap_return_0                 | out |   32| ap_ctrl_hs |  effect_delay | return value |
|ap_return_1                 | out |   32| ap_ctrl_hs |  effect_delay | return value |
|inData_l                    |  in |   32|   ap_none  |    inData_l   |    scalar    |
|inData_r                    |  in |   32|   ap_none  |    inData_r   |    scalar    |
|config_r_address0           | out |    5|  ap_memory |    config_r   |     array    |
|config_r_ce0                | out |    1|  ap_memory |    config_r   |     array    |
|config_r_we0                | out |    1|  ap_memory |    config_r   |     array    |
|config_r_d0                 | out |   32|  ap_memory |    config_r   |     array    |
|config_r_q0                 |  in |   32|  ap_memory |    config_r   |     array    |
|config_offset               |  in |    3|   ap_none  | config_offset |    scalar    |
|m_axi_extMemPtr_V_AWVALID   | out |    1|    m_axi   |  extMemPtr_V  |    pointer   |
|m_axi_extMemPtr_V_AWREADY   |  in |    1|    m_axi   |  extMemPtr_V  |    pointer   |
|m_axi_extMemPtr_V_AWADDR    | out |   32|    m_axi   |  extMemPtr_V  |    pointer   |
|m_axi_extMemPtr_V_AWID      | out |    1|    m_axi   |  extMemPtr_V  |    pointer   |
|m_axi_extMemPtr_V_AWLEN     | out |   32|    m_axi   |  extMemPtr_V  |    pointer   |
|m_axi_extMemPtr_V_AWSIZE    | out |    3|    m_axi   |  extMemPtr_V  |    pointer   |
|m_axi_extMemPtr_V_AWBURST   | out |    2|    m_axi   |  extMemPtr_V  |    pointer   |
|m_axi_extMemPtr_V_AWLOCK    | out |    2|    m_axi   |  extMemPtr_V  |    pointer   |
|m_axi_extMemPtr_V_AWCACHE   | out |    4|    m_axi   |  extMemPtr_V  |    pointer   |
|m_axi_extMemPtr_V_AWPROT    | out |    3|    m_axi   |  extMemPtr_V  |    pointer   |
|m_axi_extMemPtr_V_AWQOS     | out |    4|    m_axi   |  extMemPtr_V  |    pointer   |
|m_axi_extMemPtr_V_AWREGION  | out |    4|    m_axi   |  extMemPtr_V  |    pointer   |
|m_axi_extMemPtr_V_AWUSER    | out |    1|    m_axi   |  extMemPtr_V  |    pointer   |
|m_axi_extMemPtr_V_WVALID    | out |    1|    m_axi   |  extMemPtr_V  |    pointer   |
|m_axi_extMemPtr_V_WREADY    |  in |    1|    m_axi   |  extMemPtr_V  |    pointer   |
|m_axi_extMemPtr_V_WDATA     | out |   32|    m_axi   |  extMemPtr_V  |    pointer   |
|m_axi_extMemPtr_V_WSTRB     | out |    4|    m_axi   |  extMemPtr_V  |    pointer   |
|m_axi_extMemPtr_V_WLAST     | out |    1|    m_axi   |  extMemPtr_V  |    pointer   |
|m_axi_extMemPtr_V_WID       | out |    1|    m_axi   |  extMemPtr_V  |    pointer   |
|m_axi_extMemPtr_V_WUSER     | out |    1|    m_axi   |  extMemPtr_V  |    pointer   |
|m_axi_extMemPtr_V_ARVALID   | out |    1|    m_axi   |  extMemPtr_V  |    pointer   |
|m_axi_extMemPtr_V_ARREADY   |  in |    1|    m_axi   |  extMemPtr_V  |    pointer   |
|m_axi_extMemPtr_V_ARADDR    | out |   32|    m_axi   |  extMemPtr_V  |    pointer   |
|m_axi_extMemPtr_V_ARID      | out |    1|    m_axi   |  extMemPtr_V  |    pointer   |
|m_axi_extMemPtr_V_ARLEN     | out |   32|    m_axi   |  extMemPtr_V  |    pointer   |
|m_axi_extMemPtr_V_ARSIZE    | out |    3|    m_axi   |  extMemPtr_V  |    pointer   |
|m_axi_extMemPtr_V_ARBURST   | out |    2|    m_axi   |  extMemPtr_V  |    pointer   |
|m_axi_extMemPtr_V_ARLOCK    | out |    2|    m_axi   |  extMemPtr_V  |    pointer   |
|m_axi_extMemPtr_V_ARCACHE   | out |    4|    m_axi   |  extMemPtr_V  |    pointer   |
|m_axi_extMemPtr_V_ARPROT    | out |    3|    m_axi   |  extMemPtr_V  |    pointer   |
|m_axi_extMemPtr_V_ARQOS     | out |    4|    m_axi   |  extMemPtr_V  |    pointer   |
|m_axi_extMemPtr_V_ARREGION  | out |    4|    m_axi   |  extMemPtr_V  |    pointer   |
|m_axi_extMemPtr_V_ARUSER    | out |    1|    m_axi   |  extMemPtr_V  |    pointer   |
|m_axi_extMemPtr_V_RVALID    |  in |    1|    m_axi   |  extMemPtr_V  |    pointer   |
|m_axi_extMemPtr_V_RREADY    | out |    1|    m_axi   |  extMemPtr_V  |    pointer   |
|m_axi_extMemPtr_V_RDATA     |  in |   32|    m_axi   |  extMemPtr_V  |    pointer   |
|m_axi_extMemPtr_V_RLAST     |  in |    1|    m_axi   |  extMemPtr_V  |    pointer   |
|m_axi_extMemPtr_V_RID       |  in |    1|    m_axi   |  extMemPtr_V  |    pointer   |
|m_axi_extMemPtr_V_RUSER     |  in |    1|    m_axi   |  extMemPtr_V  |    pointer   |
|m_axi_extMemPtr_V_RRESP     |  in |    2|    m_axi   |  extMemPtr_V  |    pointer   |
|m_axi_extMemPtr_V_BVALID    |  in |    1|    m_axi   |  extMemPtr_V  |    pointer   |
|m_axi_extMemPtr_V_BREADY    | out |    1|    m_axi   |  extMemPtr_V  |    pointer   |
|m_axi_extMemPtr_V_BRESP     |  in |    2|    m_axi   |  extMemPtr_V  |    pointer   |
|m_axi_extMemPtr_V_BID       |  in |    1|    m_axi   |  extMemPtr_V  |    pointer   |
|m_axi_extMemPtr_V_BUSER     |  in |    1|    m_axi   |  extMemPtr_V  |    pointer   |
+----------------------------+-----+-----+------------+---------------+--------------+

