

================================================================
== Vivado HLS Report for 'bypass'
================================================================
* Date:           Thu Jan 30 01:03:53 2020

* Version:        2019.1.3 (Build 2642998 on Wed Sep 04 10:25:22 MDT 2019)
* Project:        pynq_dsp_hls
* Solution:       bypass
* Product family: zynq
* Target device:  xc7z020-clg400-1


================================================================
== Performance Estimates
================================================================
+ Timing (ns): 
    * Summary: 
    +--------+-------+----------+------------+
    |  Clock | Target| Estimated| Uncertainty|
    +--------+-------+----------+------------+
    |ap_clk  |   8.00|     7.000|        1.00|
    +--------+-------+----------+------------+

+ Latency (clock cycles): 
    * Summary: 
    +-----+-----+-----+-----+---------+
    |  Latency  |  Interval | Pipeline|
    | min | max | min | max |   Type  |
    +-----+-----+-----+-----+---------+
    |   10|   23|   10|   23|   none  |
    +-----+-----+-----+-----+---------+

    + Detail: 
        * Instance: 
        N/A

        * Loop: 
        N/A

============================================================
+ Verbose Summary: Synthesis Manager
============================================================
InlineROM: 1
ExposeGlobal: 0
============================================================
+ Verbose Summary: CDFG Model
============================================================
IsTopModel: 1
ResetActiveHigh: 1
IsCombinational: 0
IsDatapathOnly: 0
HasWiredReturn: 1
HasMFsm: 0
HasVarLatency: 1
IsPipeline: 0
IsRtlPipelined: 0
IsInstanceOverlapped: 0
IsDontTouch: 0
HasImplIP: 0
IsGatedGlobalClock: 0


============================================================
+ Verbose Summary: Schedule
============================================================
* Number of FSM states : 24
* Pipeline : 0
* Dataflow Pipeline: 0

* FSM state transitions: 
1 --> 2 
2 --> 3 
3 --> 4 
4 --> 5 
5 --> 6 
6 --> 7 
7 --> 8 
8 --> 9 
9 --> 10 
10 --> 11 24 
11 --> 12 
12 --> 13 
13 --> 14 
14 --> 15 
15 --> 16 
16 --> 17 
17 --> 18 
18 --> 19 
19 --> 20 
20 --> 21 
21 --> 22 
22 --> 23 
23 --> 24 
24 --> 

* FSM state operations: 

State 1 <SV = 0> <Delay = 3.49>
ST_1 : Operation 25 [1/1] (1.00ns)   --->   "%basePhysAddr_V_read = call i32 @_ssdm_op_Read.s_axilite.i32(i32 %basePhysAddr_V)" [bypass.cpp:11]   --->   Operation 25 'read' 'basePhysAddr_V_read' <Predicate = true> <Delay = 1.00> <Core = "s_axilite">   --->   Core 10 's_axilite' <Latency = 0> <II = 1> <Delay = 1.00> <Adapter> <Opcode : 'read' 'write'>
ST_1 : Operation 26 [1/1] (0.00ns)   --->   "%r_V = call i30 @_ssdm_op_PartSelect.i30.i32.i32.i32(i32 %basePhysAddr_V_read, i32 2, i32 31)" [bypass.cpp:19]   --->   Operation 26 'partselect' 'r_V' <Predicate = true> <Delay = 0.00>
ST_1 : Operation 27 [1/1] (0.00ns)   --->   "%zext_ln215 = zext i30 %r_V to i31" [bypass.cpp:22]   --->   Operation 27 'zext' 'zext_ln215' <Predicate = true> <Delay = 0.00>
ST_1 : Operation 28 [1/1] (2.49ns)   --->   "%ret_V = add i31 %zext_ln215, 4" [bypass.cpp:22]   --->   Operation 28 'add' 'ret_V' <Predicate = true> <Delay = 2.49> <Core = "AddSub">   --->   Core 14 'AddSub' <Latency = 0> <II = 1> <Delay = 2.49> <FuncUnit> <Opcode : 'add' 'sub'> <InPorts = 2> <OutPorts = 1>

State 2 <SV = 1> <Delay = 7.00>
ST_2 : Operation 29 [1/1] (0.00ns)   --->   "%zext_ln544 = zext i31 %ret_V to i64" [bypass.cpp:22]   --->   Operation 29 'zext' 'zext_ln544' <Predicate = true> <Delay = 0.00>
ST_2 : Operation 30 [1/1] (0.00ns)   --->   "%physMemPtr_V_addr = getelementptr i32* %physMemPtr_V, i64 %zext_ln544" [bypass.cpp:22]   --->   Operation 30 'getelementptr' 'physMemPtr_V_addr' <Predicate = true> <Delay = 0.00>
ST_2 : Operation 31 [7/7] (7.00ns)   --->   "%status_V_req = call i1 @_ssdm_op_ReadReq.m_axi.i32P(i32* %physMemPtr_V_addr, i32 1)" [bypass.cpp:22]   --->   Operation 31 'readreq' 'status_V_req' <Predicate = true> <Delay = 7.00> <Core = "m_axi">   --->   Core 9 'm_axi' <Latency = 6> <II = 1> <Delay = 1.00> <Adapter> <Opcode : 'read' 'write' 'readreq' 'writereq' 'writeresp'>

State 3 <SV = 2> <Delay = 7.00>
ST_3 : Operation 32 [6/7] (7.00ns)   --->   "%status_V_req = call i1 @_ssdm_op_ReadReq.m_axi.i32P(i32* %physMemPtr_V_addr, i32 1)" [bypass.cpp:22]   --->   Operation 32 'readreq' 'status_V_req' <Predicate = true> <Delay = 7.00> <Core = "m_axi">   --->   Core 9 'm_axi' <Latency = 6> <II = 1> <Delay = 1.00> <Adapter> <Opcode : 'read' 'write' 'readreq' 'writereq' 'writeresp'>

State 4 <SV = 3> <Delay = 7.00>
ST_4 : Operation 33 [5/7] (7.00ns)   --->   "%status_V_req = call i1 @_ssdm_op_ReadReq.m_axi.i32P(i32* %physMemPtr_V_addr, i32 1)" [bypass.cpp:22]   --->   Operation 33 'readreq' 'status_V_req' <Predicate = true> <Delay = 7.00> <Core = "m_axi">   --->   Core 9 'm_axi' <Latency = 6> <II = 1> <Delay = 1.00> <Adapter> <Opcode : 'read' 'write' 'readreq' 'writereq' 'writeresp'>

State 5 <SV = 4> <Delay = 7.00>
ST_5 : Operation 34 [4/7] (7.00ns)   --->   "%status_V_req = call i1 @_ssdm_op_ReadReq.m_axi.i32P(i32* %physMemPtr_V_addr, i32 1)" [bypass.cpp:22]   --->   Operation 34 'readreq' 'status_V_req' <Predicate = true> <Delay = 7.00> <Core = "m_axi">   --->   Core 9 'm_axi' <Latency = 6> <II = 1> <Delay = 1.00> <Adapter> <Opcode : 'read' 'write' 'readreq' 'writereq' 'writeresp'>

State 6 <SV = 5> <Delay = 7.00>
ST_6 : Operation 35 [3/7] (7.00ns)   --->   "%status_V_req = call i1 @_ssdm_op_ReadReq.m_axi.i32P(i32* %physMemPtr_V_addr, i32 1)" [bypass.cpp:22]   --->   Operation 35 'readreq' 'status_V_req' <Predicate = true> <Delay = 7.00> <Core = "m_axi">   --->   Core 9 'm_axi' <Latency = 6> <II = 1> <Delay = 1.00> <Adapter> <Opcode : 'read' 'write' 'readreq' 'writereq' 'writeresp'>

State 7 <SV = 6> <Delay = 7.00>
ST_7 : Operation 36 [2/7] (7.00ns)   --->   "%status_V_req = call i1 @_ssdm_op_ReadReq.m_axi.i32P(i32* %physMemPtr_V_addr, i32 1)" [bypass.cpp:22]   --->   Operation 36 'readreq' 'status_V_req' <Predicate = true> <Delay = 7.00> <Core = "m_axi">   --->   Core 9 'm_axi' <Latency = 6> <II = 1> <Delay = 1.00> <Adapter> <Opcode : 'read' 'write' 'readreq' 'writereq' 'writeresp'>

State 8 <SV = 7> <Delay = 7.00>
ST_8 : Operation 37 [1/7] (7.00ns)   --->   "%status_V_req = call i1 @_ssdm_op_ReadReq.m_axi.i32P(i32* %physMemPtr_V_addr, i32 1)" [bypass.cpp:22]   --->   Operation 37 'readreq' 'status_V_req' <Predicate = true> <Delay = 7.00> <Core = "m_axi">   --->   Core 9 'm_axi' <Latency = 6> <II = 1> <Delay = 1.00> <Adapter> <Opcode : 'read' 'write' 'readreq' 'writereq' 'writeresp'>

State 9 <SV = 8> <Delay = 7.00>
ST_9 : Operation 38 [1/1] (7.00ns)   --->   "%status_V = call i32 @_ssdm_op_Read.m_axi.volatile.i32P(i32* %physMemPtr_V_addr)" [bypass.cpp:22]   --->   Operation 38 'read' 'status_V' <Predicate = true> <Delay = 7.00> <Core = "m_axi">   --->   Core 9 'm_axi' <Latency = 6> <II = 1> <Delay = 1.00> <Adapter> <Opcode : 'read' 'write' 'readreq' 'writereq' 'writeresp'>

State 10 <SV = 9> <Delay = 7.00>
ST_10 : Operation 39 [1/1] (0.00ns)   --->   "call void (...)* @_ssdm_op_SpecBitsMap(i32* %physMemPtr_V), !map !43"   --->   Operation 39 'specbitsmap' <Predicate = true> <Delay = 0.00>
ST_10 : Operation 40 [1/1] (0.00ns)   --->   "call void (...)* @_ssdm_op_SpecBitsMap(i32 %basePhysAddr_V), !map !49"   --->   Operation 40 'specbitsmap' <Predicate = true> <Delay = 0.00>
ST_10 : Operation 41 [1/1] (0.00ns)   --->   "call void (...)* @_ssdm_op_SpecTopModule([7 x i8]* @bypass_str) nounwind"   --->   Operation 41 'spectopmodule' <Predicate = true> <Delay = 0.00>
ST_10 : Operation 42 [1/1] (0.00ns)   --->   "call void (...)* @_ssdm_op_SpecInterface(i32 0, [10 x i8]* @p_str, i32 0, i32 0, [1 x i8]* @p_str5, i32 0, i32 0, [1 x i8]* @p_str5, [1 x i8]* @p_str5, [1 x i8]* @p_str5, i32 0, i32 0, i32 0, i32 0, [1 x i8]* @p_str5, [1 x i8]* @p_str5) nounwind" [bypass.cpp:14]   --->   Operation 42 'specinterface' <Predicate = true> <Delay = 0.00>
ST_10 : Operation 43 [1/1] (0.00ns)   --->   "call void (...)* @_ssdm_op_SpecInterface(i32* %physMemPtr_V, [6 x i8]* @p_str6, i32 0, i32 0, [1 x i8]* @p_str5, i32 0, i32 32, [1 x i8]* @p_str5, [1 x i8]* @p_str5, [1 x i8]* @p_str5, i32 16, i32 16, i32 16, i32 16, [1 x i8]* @p_str5, [1 x i8]* @p_str5) nounwind" [bypass.cpp:15]   --->   Operation 43 'specinterface' <Predicate = true> <Delay = 0.00>
ST_10 : Operation 44 [1/1] (0.00ns)   --->   "call void (...)* @_ssdm_op_SpecInterface(i32 %basePhysAddr_V, [10 x i8]* @p_str, i32 0, i32 0, [1 x i8]* @p_str5, i32 0, i32 0, [1 x i8]* @p_str5, [1 x i8]* @p_str5, [1 x i8]* @p_str5, i32 0, i32 0, i32 0, i32 0, [1 x i8]* @p_str5, [1 x i8]* @p_str5) nounwind" [bypass.cpp:16]   --->   Operation 44 'specinterface' <Predicate = true> <Delay = 0.00>
ST_10 : Operation 45 [1/1] (2.47ns)   --->   "%icmp_ln23 = icmp eq i32 %status_V, 0" [bypass.cpp:23]   --->   Operation 45 'icmp' 'icmp_ln23' <Predicate = true> <Delay = 2.47> <Core = "Cmp">   --->   Core 25 'Cmp' <Latency = 0> <II = 1> <Delay = 2.47> <FuncUnit> <Opcode : 'icmp'> <InPorts = 2> <OutPorts = 1>
ST_10 : Operation 46 [1/1] (0.00ns)   --->   "br i1 %icmp_ln23, label %_ZrsILi32ELb0EEN11ap_int_baseIXT_EXT0_EE5RTypeIXT_EXT0_EE4arg1ERKS1_i.exit._crit_edge, label %0" [bypass.cpp:23]   --->   Operation 46 'br' <Predicate = true> <Delay = 0.00>
ST_10 : Operation 47 [1/1] (0.00ns)   --->   "%zext_ln544_1 = zext i30 %r_V to i64" [bypass.cpp:25]   --->   Operation 47 'zext' 'zext_ln544_1' <Predicate = (!icmp_ln23)> <Delay = 0.00>
ST_10 : Operation 48 [1/1] (0.00ns)   --->   "%physMemPtr_V_addr_1 = getelementptr i32* %physMemPtr_V, i64 %zext_ln544_1" [bypass.cpp:25]   --->   Operation 48 'getelementptr' 'physMemPtr_V_addr_1' <Predicate = (!icmp_ln23)> <Delay = 0.00>
ST_10 : Operation 49 [7/7] (7.00ns)   --->   "%physMemPtr_V_addr_1_s = call i1 @_ssdm_op_ReadReq.m_axi.i32P(i32* %physMemPtr_V_addr_1, i32 2)" [bypass.cpp:25]   --->   Operation 49 'readreq' 'physMemPtr_V_addr_1_s' <Predicate = (!icmp_ln23)> <Delay = 7.00> <Core = "m_axi">   --->   Core 9 'm_axi' <Latency = 6> <II = 1> <Delay = 1.00> <Adapter> <Opcode : 'read' 'write' 'readreq' 'writereq' 'writeresp'>

State 11 <SV = 10> <Delay = 7.00>
ST_11 : Operation 50 [6/7] (7.00ns)   --->   "%physMemPtr_V_addr_1_s = call i1 @_ssdm_op_ReadReq.m_axi.i32P(i32* %physMemPtr_V_addr_1, i32 2)" [bypass.cpp:25]   --->   Operation 50 'readreq' 'physMemPtr_V_addr_1_s' <Predicate = true> <Delay = 7.00> <Core = "m_axi">   --->   Core 9 'm_axi' <Latency = 6> <II = 1> <Delay = 1.00> <Adapter> <Opcode : 'read' 'write' 'readreq' 'writereq' 'writeresp'>

State 12 <SV = 11> <Delay = 7.00>
ST_12 : Operation 51 [5/7] (7.00ns)   --->   "%physMemPtr_V_addr_1_s = call i1 @_ssdm_op_ReadReq.m_axi.i32P(i32* %physMemPtr_V_addr_1, i32 2)" [bypass.cpp:25]   --->   Operation 51 'readreq' 'physMemPtr_V_addr_1_s' <Predicate = true> <Delay = 7.00> <Core = "m_axi">   --->   Core 9 'm_axi' <Latency = 6> <II = 1> <Delay = 1.00> <Adapter> <Opcode : 'read' 'write' 'readreq' 'writereq' 'writeresp'>

State 13 <SV = 12> <Delay = 7.00>
ST_13 : Operation 52 [4/7] (7.00ns)   --->   "%physMemPtr_V_addr_1_s = call i1 @_ssdm_op_ReadReq.m_axi.i32P(i32* %physMemPtr_V_addr_1, i32 2)" [bypass.cpp:25]   --->   Operation 52 'readreq' 'physMemPtr_V_addr_1_s' <Predicate = true> <Delay = 7.00> <Core = "m_axi">   --->   Core 9 'm_axi' <Latency = 6> <II = 1> <Delay = 1.00> <Adapter> <Opcode : 'read' 'write' 'readreq' 'writereq' 'writeresp'>

State 14 <SV = 13> <Delay = 7.00>
ST_14 : Operation 53 [3/7] (7.00ns)   --->   "%physMemPtr_V_addr_1_s = call i1 @_ssdm_op_ReadReq.m_axi.i32P(i32* %physMemPtr_V_addr_1, i32 2)" [bypass.cpp:25]   --->   Operation 53 'readreq' 'physMemPtr_V_addr_1_s' <Predicate = true> <Delay = 7.00> <Core = "m_axi">   --->   Core 9 'm_axi' <Latency = 6> <II = 1> <Delay = 1.00> <Adapter> <Opcode : 'read' 'write' 'readreq' 'writereq' 'writeresp'>

State 15 <SV = 14> <Delay = 7.00>
ST_15 : Operation 54 [2/7] (7.00ns)   --->   "%physMemPtr_V_addr_1_s = call i1 @_ssdm_op_ReadReq.m_axi.i32P(i32* %physMemPtr_V_addr_1, i32 2)" [bypass.cpp:25]   --->   Operation 54 'readreq' 'physMemPtr_V_addr_1_s' <Predicate = true> <Delay = 7.00> <Core = "m_axi">   --->   Core 9 'm_axi' <Latency = 6> <II = 1> <Delay = 1.00> <Adapter> <Opcode : 'read' 'write' 'readreq' 'writereq' 'writeresp'>

State 16 <SV = 15> <Delay = 7.00>
ST_16 : Operation 55 [1/7] (7.00ns)   --->   "%physMemPtr_V_addr_1_s = call i1 @_ssdm_op_ReadReq.m_axi.i32P(i32* %physMemPtr_V_addr_1, i32 2)" [bypass.cpp:25]   --->   Operation 55 'readreq' 'physMemPtr_V_addr_1_s' <Predicate = true> <Delay = 7.00> <Core = "m_axi">   --->   Core 9 'm_axi' <Latency = 6> <II = 1> <Delay = 1.00> <Adapter> <Opcode : 'read' 'write' 'readreq' 'writereq' 'writeresp'>
ST_16 : Operation 56 [1/1] (2.49ns)   --->   "%ret_V_1 = add i31 %zext_ln215, 2" [bypass.cpp:31]   --->   Operation 56 'add' 'ret_V_1' <Predicate = true> <Delay = 2.49> <Core = "AddSub">   --->   Core 14 'AddSub' <Latency = 0> <II = 1> <Delay = 2.49> <FuncUnit> <Opcode : 'add' 'sub'> <InPorts = 2> <OutPorts = 1>

State 17 <SV = 16> <Delay = 7.00>
ST_17 : Operation 57 [1/1] (7.00ns)   --->   "%lsrc_V = call i32 @_ssdm_op_Read.m_axi.i32P(i32* %physMemPtr_V_addr_1)" [bypass.cpp:25]   --->   Operation 57 'read' 'lsrc_V' <Predicate = true> <Delay = 7.00> <Core = "m_axi">   --->   Core 9 'm_axi' <Latency = 6> <II = 1> <Delay = 1.00> <Adapter> <Opcode : 'read' 'write' 'readreq' 'writereq' 'writeresp'>
ST_17 : Operation 58 [1/1] (0.00ns)   --->   "%zext_ln544_2 = zext i31 %ret_V_1 to i64" [bypass.cpp:31]   --->   Operation 58 'zext' 'zext_ln544_2' <Predicate = true> <Delay = 0.00>
ST_17 : Operation 59 [1/1] (0.00ns)   --->   "%physMemPtr_V_addr_2 = getelementptr i32* %physMemPtr_V, i64 %zext_ln544_2" [bypass.cpp:31]   --->   Operation 59 'getelementptr' 'physMemPtr_V_addr_2' <Predicate = true> <Delay = 0.00>
ST_17 : Operation 60 [1/1] (7.00ns)   --->   "%physMemPtr_V_addr_3_s = call i1 @_ssdm_op_WriteReq.m_axi.i32P(i32* %physMemPtr_V_addr_2, i32 2)" [bypass.cpp:31]   --->   Operation 60 'writereq' 'physMemPtr_V_addr_3_s' <Predicate = true> <Delay = 7.00> <Core = "m_axi">   --->   Core 9 'm_axi' <Latency = 6> <II = 1> <Delay = 1.00> <Adapter> <Opcode : 'read' 'write' 'readreq' 'writereq' 'writeresp'>

State 18 <SV = 17> <Delay = 7.00>
ST_18 : Operation 61 [1/1] (7.00ns)   --->   "%rsrc_V = call i32 @_ssdm_op_Read.m_axi.i32P(i32* %physMemPtr_V_addr_1)" [bypass.cpp:26]   --->   Operation 61 'read' 'rsrc_V' <Predicate = true> <Delay = 7.00> <Core = "m_axi">   --->   Core 9 'm_axi' <Latency = 6> <II = 1> <Delay = 1.00> <Adapter> <Opcode : 'read' 'write' 'readreq' 'writereq' 'writeresp'>
ST_18 : Operation 62 [1/1] (7.00ns)   --->   "call void @_ssdm_op_Write.m_axi.i32P(i32* %physMemPtr_V_addr_2, i32 %lsrc_V, i4 -1)" [bypass.cpp:31]   --->   Operation 62 'write' <Predicate = true> <Delay = 7.00> <Core = "m_axi">   --->   Core 9 'm_axi' <Latency = 6> <II = 1> <Delay = 1.00> <Adapter> <Opcode : 'read' 'write' 'readreq' 'writereq' 'writeresp'>

State 19 <SV = 18> <Delay = 7.00>
ST_19 : Operation 63 [1/1] (7.00ns)   --->   "call void @_ssdm_op_Write.m_axi.i32P(i32* %physMemPtr_V_addr_2, i32 %rsrc_V, i4 -1)" [bypass.cpp:32]   --->   Operation 63 'write' <Predicate = true> <Delay = 7.00> <Core = "m_axi">   --->   Core 9 'm_axi' <Latency = 6> <II = 1> <Delay = 1.00> <Adapter> <Opcode : 'read' 'write' 'readreq' 'writereq' 'writeresp'>

State 20 <SV = 19> <Delay = 7.00>
ST_20 : Operation 64 [5/5] (7.00ns)   --->   "%physMemPtr_V_addr_3_1 = call i1 @_ssdm_op_WriteResp.m_axi.i32P(i32* %physMemPtr_V_addr_2)" [bypass.cpp:32]   --->   Operation 64 'writeresp' 'physMemPtr_V_addr_3_1' <Predicate = true> <Delay = 7.00> <Core = "m_axi">   --->   Core 9 'm_axi' <Latency = 6> <II = 1> <Delay = 1.00> <Adapter> <Opcode : 'read' 'write' 'readreq' 'writereq' 'writeresp'>

State 21 <SV = 20> <Delay = 7.00>
ST_21 : Operation 65 [4/5] (7.00ns)   --->   "%physMemPtr_V_addr_3_1 = call i1 @_ssdm_op_WriteResp.m_axi.i32P(i32* %physMemPtr_V_addr_2)" [bypass.cpp:32]   --->   Operation 65 'writeresp' 'physMemPtr_V_addr_3_1' <Predicate = true> <Delay = 7.00> <Core = "m_axi">   --->   Core 9 'm_axi' <Latency = 6> <II = 1> <Delay = 1.00> <Adapter> <Opcode : 'read' 'write' 'readreq' 'writereq' 'writeresp'>

State 22 <SV = 21> <Delay = 7.00>
ST_22 : Operation 66 [3/5] (7.00ns)   --->   "%physMemPtr_V_addr_3_1 = call i1 @_ssdm_op_WriteResp.m_axi.i32P(i32* %physMemPtr_V_addr_2)" [bypass.cpp:32]   --->   Operation 66 'writeresp' 'physMemPtr_V_addr_3_1' <Predicate = true> <Delay = 7.00> <Core = "m_axi">   --->   Core 9 'm_axi' <Latency = 6> <II = 1> <Delay = 1.00> <Adapter> <Opcode : 'read' 'write' 'readreq' 'writereq' 'writeresp'>

State 23 <SV = 22> <Delay = 7.00>
ST_23 : Operation 67 [2/5] (7.00ns)   --->   "%physMemPtr_V_addr_3_1 = call i1 @_ssdm_op_WriteResp.m_axi.i32P(i32* %physMemPtr_V_addr_2)" [bypass.cpp:32]   --->   Operation 67 'writeresp' 'physMemPtr_V_addr_3_1' <Predicate = true> <Delay = 7.00> <Core = "m_axi">   --->   Core 9 'm_axi' <Latency = 6> <II = 1> <Delay = 1.00> <Adapter> <Opcode : 'read' 'write' 'readreq' 'writereq' 'writeresp'>

State 24 <SV = 23> <Delay = 7.00>
ST_24 : Operation 68 [1/5] (7.00ns)   --->   "%physMemPtr_V_addr_3_1 = call i1 @_ssdm_op_WriteResp.m_axi.i32P(i32* %physMemPtr_V_addr_2)" [bypass.cpp:32]   --->   Operation 68 'writeresp' 'physMemPtr_V_addr_3_1' <Predicate = (!icmp_ln23)> <Delay = 7.00> <Core = "m_axi">   --->   Core 9 'm_axi' <Latency = 6> <II = 1> <Delay = 1.00> <Adapter> <Opcode : 'read' 'write' 'readreq' 'writereq' 'writeresp'>
ST_24 : Operation 69 [1/1] (0.00ns)   --->   "br label %_ZrsILi32ELb0EEN11ap_int_baseIXT_EXT0_EE5RTypeIXT_EXT0_EE4arg1ERKS1_i.exit._crit_edge" [bypass.cpp:33]   --->   Operation 69 'br' <Predicate = (!icmp_ln23)> <Delay = 0.00>
ST_24 : Operation 70 [1/1] (0.00ns)   --->   "ret void" [bypass.cpp:34]   --->   Operation 70 'ret' <Predicate = true> <Delay = 0.00>


============================================================
+ Verbose Summary: Timing violations
============================================================
Target clock period: 8ns, clock uncertainty: 1ns.

 <State 1>: 3.49ns
The critical path consists of the following:
	s_axi read on port 'basePhysAddr_V' (bypass.cpp:11) [6]  (1 ns)
	'add' operation ('ret.V', bypass.cpp:22) [12]  (2.49 ns)

 <State 2>: 7ns
The critical path consists of the following:
	'getelementptr' operation ('physMemPtr_V_addr', bypass.cpp:22) [14]  (0 ns)
	bus request on port 'physMemPtr_V' (bypass.cpp:22) [15]  (7 ns)

 <State 3>: 7ns
The critical path consists of the following:
	bus request on port 'physMemPtr_V' (bypass.cpp:22) [15]  (7 ns)

 <State 4>: 7ns
The critical path consists of the following:
	bus request on port 'physMemPtr_V' (bypass.cpp:22) [15]  (7 ns)

 <State 5>: 7ns
The critical path consists of the following:
	bus request on port 'physMemPtr_V' (bypass.cpp:22) [15]  (7 ns)

 <State 6>: 7ns
The critical path consists of the following:
	bus request on port 'physMemPtr_V' (bypass.cpp:22) [15]  (7 ns)

 <State 7>: 7ns
The critical path consists of the following:
	bus request on port 'physMemPtr_V' (bypass.cpp:22) [15]  (7 ns)

 <State 8>: 7ns
The critical path consists of the following:
	bus request on port 'physMemPtr_V' (bypass.cpp:22) [15]  (7 ns)

 <State 9>: 7ns
The critical path consists of the following:
	bus read on port 'physMemPtr_V' (bypass.cpp:22) [16]  (7 ns)

 <State 10>: 7ns
The critical path consists of the following:
	'getelementptr' operation ('physMemPtr_V_addr_1', bypass.cpp:25) [21]  (0 ns)
	bus request on port 'physMemPtr_V' (bypass.cpp:25) [22]  (7 ns)

 <State 11>: 7ns
The critical path consists of the following:
	bus request on port 'physMemPtr_V' (bypass.cpp:25) [22]  (7 ns)

 <State 12>: 7ns
The critical path consists of the following:
	bus request on port 'physMemPtr_V' (bypass.cpp:25) [22]  (7 ns)

 <State 13>: 7ns
The critical path consists of the following:
	bus request on port 'physMemPtr_V' (bypass.cpp:25) [22]  (7 ns)

 <State 14>: 7ns
The critical path consists of the following:
	bus request on port 'physMemPtr_V' (bypass.cpp:25) [22]  (7 ns)

 <State 15>: 7ns
The critical path consists of the following:
	bus request on port 'physMemPtr_V' (bypass.cpp:25) [22]  (7 ns)

 <State 16>: 7ns
The critical path consists of the following:
	bus request on port 'physMemPtr_V' (bypass.cpp:25) [22]  (7 ns)

 <State 17>: 7ns
The critical path consists of the following:
	bus read on port 'physMemPtr_V' (bypass.cpp:25) [23]  (7 ns)

 <State 18>: 7ns
The critical path consists of the following:
	bus read on port 'physMemPtr_V' (bypass.cpp:26) [24]  (7 ns)

 <State 19>: 7ns
The critical path consists of the following:
	bus write on port 'physMemPtr_V' (bypass.cpp:32) [30]  (7 ns)

 <State 20>: 7ns
The critical path consists of the following:
	bus access on port 'physMemPtr_V' (bypass.cpp:32) [31]  (7 ns)

 <State 21>: 7ns
The critical path consists of the following:
	bus access on port 'physMemPtr_V' (bypass.cpp:32) [31]  (7 ns)

 <State 22>: 7ns
The critical path consists of the following:
	bus access on port 'physMemPtr_V' (bypass.cpp:32) [31]  (7 ns)

 <State 23>: 7ns
The critical path consists of the following:
	bus access on port 'physMemPtr_V' (bypass.cpp:32) [31]  (7 ns)

 <State 24>: 7ns
The critical path consists of the following:
	bus access on port 'physMemPtr_V' (bypass.cpp:32) [31]  (7 ns)


============================================================
+ Verbose Summary: Binding
============================================================
N/A
* FSMD analyzer results:
  - Output states:
 - Input state : 
  - Chain level:
	State 1
	State 2
	State 3
	State 4
	State 5
	State 6
	State 7
	State 8
	State 9
	State 10
	State 11
	State 12
	State 13
	State 14
	State 15
	State 16
	State 17
	State 18
	State 19
	State 20
	State 21
	State 22
	State 23
	State 24


============================================================
+ Verbose Summary: Datapath Resource usage 
============================================================
N/A
